0 info it worked if it ends with ok
1 verbose cli [ '/usr/bin/node', '/usr/bin/npm', 'install' ]
2 info using npm@1.3.8
3 info using node@v0.10.18
4 verbose node symlink /usr/bin/node
5 warn package.json Pagina_Genux@0.0.1 No description
6 warn package.json Pagina_Genux@0.0.1 No repository field.
7 warn package.json Pagina_Genux@0.0.1 No README data
8 verbose readDependencies using package.json deps
9 verbose install where, deps [ '/home/facurubin/Web/node', [ 'connect' ] ]
10 info preinstall Pagina_Genux@0.0.1
11 verbose readDependencies using package.json deps
12 verbose cache add [ 'connect@*', null ]
13 verbose cache add name=undefined spec="connect@*" args=["connect@*",null]
14 verbose parsed url { protocol: null,
14 verbose parsed url   slashes: null,
14 verbose parsed url   auth: null,
14 verbose parsed url   host: null,
14 verbose parsed url   port: null,
14 verbose parsed url   hostname: null,
14 verbose parsed url   hash: null,
14 verbose parsed url   search: null,
14 verbose parsed url   query: null,
14 verbose parsed url   pathname: 'connect@*',
14 verbose parsed url   path: 'connect@*',
14 verbose parsed url   href: 'connect@*' }
15 verbose cache add name="connect" spec="*" args=["connect","*"]
16 verbose parsed url { protocol: null,
16 verbose parsed url   slashes: null,
16 verbose parsed url   auth: null,
16 verbose parsed url   host: null,
16 verbose parsed url   port: null,
16 verbose parsed url   hostname: null,
16 verbose parsed url   hash: null,
16 verbose parsed url   search: null,
16 verbose parsed url   query: null,
16 verbose parsed url   pathname: '*',
16 verbose parsed url   path: '*',
16 verbose parsed url   href: '*' }
17 verbose addNamed [ 'connect', '*' ]
18 verbose addNamed [ null, '*' ]
19 silly lockFile a2361ee0-connect connect@*
20 verbose lock connect@* /home/facurubin/.npm/a2361ee0-connect.lock
21 silly addNameRange { name: 'connect', range: '*', hasData: false }
22 verbose url raw connect
23 verbose url resolving [ 'https://registry.npmjs.org/', './connect' ]
24 verbose url resolved https://registry.npmjs.org/connect
25 info trying registry request attempt 1 at 18:12:45
26 verbose etag "YPVJTX9WFTJF890FJ3C69IQS"
27 http GET https://registry.npmjs.org/connect
28 http 304 https://registry.npmjs.org/connect
29 silly registry.get cb [ 304,
29 silly registry.get   { date: 'Fri, 25 Apr 2014 18:12:36 GMT',
29 silly registry.get     server: 'Apache',
29 silly registry.get     via: '1.1 varnish',
29 silly registry.get     'last-modified': 'Fri, 25 Apr 2014 18:12:36 GMT',
29 silly registry.get     'cache-control': 'max-age=1',
29 silly registry.get     etag: '"YPVJTX9WFTJF890FJ3C69IQS"',
29 silly registry.get     'x-served-by': 'cache-lax1431-LAX',
29 silly registry.get     'x-cache': 'MISS',
29 silly registry.get     'x-cache-hits': '0',
29 silly registry.get     'x-timer': 'S1398449556.316094160,VS0,VE223',
29 silly registry.get     vary: 'Accept',
29 silly registry.get     'content-length': '0',
29 silly registry.get     'keep-alive': 'timeout=10, max=50',
29 silly registry.get     connection: 'Keep-Alive' } ]
30 verbose etag connect from cache
31 silly addNameRange number 2 { name: 'connect', range: '*', hasData: true }
32 silly addNameRange versions [ 'connect',
32 silly addNameRange   [ '0.0.1',
32 silly addNameRange     '0.0.2',
32 silly addNameRange     '0.0.3',
32 silly addNameRange     '0.0.4',
32 silly addNameRange     '0.0.5',
32 silly addNameRange     '0.0.6',
32 silly addNameRange     '0.1.0',
32 silly addNameRange     '0.2.0',
32 silly addNameRange     '0.2.1',
32 silly addNameRange     '0.2.2',
32 silly addNameRange     '0.2.3',
32 silly addNameRange     '0.2.4',
32 silly addNameRange     '0.2.5',
32 silly addNameRange     '0.2.6',
32 silly addNameRange     '0.2.7',
32 silly addNameRange     '0.3.0',
32 silly addNameRange     '0.4.0',
32 silly addNameRange     '0.5.0',
32 silly addNameRange     '0.5.1',
32 silly addNameRange     '0.5.2',
32 silly addNameRange     '0.5.3',
32 silly addNameRange     '0.5.4',
32 silly addNameRange     '0.5.5',
32 silly addNameRange     '0.5.6',
32 silly addNameRange     '0.5.7',
32 silly addNameRange     '0.5.8',
32 silly addNameRange     '0.5.9',
32 silly addNameRange     '0.5.10',
32 silly addNameRange     '1.0.0',
32 silly addNameRange     '1.0.1',
32 silly addNameRange     '1.0.2',
32 silly addNameRange     '1.0.3',
32 silly addNameRange     '1.0.4',
32 silly addNameRange     '1.0.5',
32 silly addNameRange     '1.0.6',
32 silly addNameRange     '1.1.0',
32 silly addNameRange     '1.1.1',
32 silly addNameRange     '1.1.2',
32 silly addNameRange     '1.1.3',
32 silly addNameRange     '1.1.4',
32 silly addNameRange     '1.1.5',
32 silly addNameRange     '1.2.0',
32 silly addNameRange     '1.2.1',
32 silly addNameRange     '1.2.2',
32 silly addNameRange     '1.2.3',
32 silly addNameRange     '1.3.0',
32 silly addNameRange     '1.4.0',
32 silly addNameRange     '1.4.1',
32 silly addNameRange     '1.4.2',
32 silly addNameRange     '1.4.3',
32 silly addNameRange     '1.4.4',
32 silly addNameRange     '1.4.5',
32 silly addNameRange     '1.4.6',
32 silly addNameRange     '1.5.0',
32 silly addNameRange     '1.5.1',
32 silly addNameRange     '1.5.2',
32 silly addNameRange     '1.6.0',
32 silly addNameRange     '1.6.1',
32 silly addNameRange     '1.6.2',
32 silly addNameRange     '1.6.3',
32 silly addNameRange     '1.6.4',
32 silly addNameRange     '1.7.0',
32 silly addNameRange     '1.7.1',
32 silly addNameRange     '1.7.2',
32 silly addNameRange     '1.7.3',
32 silly addNameRange     '1.8.0',
32 silly addNameRange     '1.8.1',
32 silly addNameRange     '1.8.2',
32 silly addNameRange     '1.8.3',
32 silly addNameRange     '1.8.4',
32 silly addNameRange     '1.8.5',
32 silly addNameRange     '2.0.0',
32 silly addNameRange     '2.0.1',
32 silly addNameRange     '2.0.2',
32 silly addNameRange     '2.0.3',
32 silly addNameRange     '1.8.6',
32 silly addNameRange     '2.1.0',
32 silly addNameRange     '2.1.1',
32 silly addNameRange     '2.1.2',
32 silly addNameRange     '1.8.7',
32 silly addNameRange     '2.1.3',
32 silly addNameRange     '2.2.0',
32 silly addNameRange     '2.2.1',
32 silly addNameRange     '2.2.2',
32 silly addNameRange     '2.3.0',
32 silly addNameRange     '2.3.1',
32 silly addNameRange     '2.3.2',
32 silly addNameRange     '2.3.3',
32 silly addNameRange     '1.9.0',
32 silly addNameRange     '1.9.1',
32 silly addNameRange     '2.3.4',
32 silly addNameRange     '2.3.5',
32 silly addNameRange     '2.3.6',
32 silly addNameRange     '2.3.7',
32 silly addNameRange     '1.9.2',
32 silly addNameRange     '2.3.8',
32 silly addNameRange     '2.3.9',
32 silly addNameRange     '2.4.0',
32 silly addNameRange     '2.4.1',
32 silly addNameRange     '2.4.2',
32 silly addNameRange     '2.4.3',
32 silly addNameRange     '2.4.4',
32 silly addNameRange     '2.4.5',
32 silly addNameRange     '2.4.6',
32 silly addNameRange     '2.5.0',
32 silly addNameRange     '2.6.0',
32 silly addNameRange     '2.6.1',
32 silly addNameRange     '2.6.2',
32 silly addNameRange     '2.7.0',
32 silly addNameRange     '2.7.1',
32 silly addNameRange     '2.7.2',
32 silly addNameRange     '2.7.3',
32 silly addNameRange     '2.7.4',
32 silly addNameRange     '2.7.5',
32 silly addNameRange     '2.7.6',
32 silly addNameRange     '2.7.7',
32 silly addNameRange     '2.7.8',
32 silly addNameRange     '2.7.9',
32 silly addNameRange     '2.7.10',
32 silly addNameRange     '2.7.11',
32 silly addNameRange     '2.8.0',
32 silly addNameRange     '2.8.1',
32 silly addNameRange     '2.8.2',
32 silly addNameRange     '2.8.3',
32 silly addNameRange     '2.8.4',
32 silly addNameRange     '2.8.5',
32 silly addNameRange     '2.8.6',
32 silly addNameRange     '2.8.7',
32 silly addNameRange     '2.8.8',
32 silly addNameRange     '2.9.0',
32 silly addNameRange     '2.9.1',
32 silly addNameRange     '2.9.2',
32 silly addNameRange     '2.10.0',
32 silly addNameRange     '2.10.1',
32 silly addNameRange     '2.11.0',
32 silly addNameRange     '2.11.1',
32 silly addNameRange     '2.11.2',
32 silly addNameRange     '2.12.0',
32 silly addNameRange     '2.13.0',
32 silly addNameRange     '2.13.1',
32 silly addNameRange     '2.14.0',
32 silly addNameRange     '2.14.1',
32 silly addNameRange     '3.0.0-rc.1',
32 silly addNameRange     '2.14.2',
32 silly addNameRange     '2.14.3',
32 silly addNameRange     '2.14.4',
32 silly addNameRange     '2.14.5' ] ]
33 verbose addNamed [ 'connect', '2.14.5' ]
34 verbose addNamed [ '2.14.5', '2.14.5' ]
35 silly lockFile 89b94b5d-connect-2-14-5 connect@2.14.5
36 verbose lock connect@2.14.5 /home/facurubin/.npm/89b94b5d-connect-2-14-5.lock
37 silly lockFile 47a74d89-s-org-connect-connect-2-14-5-tgz https://registry.npmjs.org/connect/-/connect-2.14.5.tgz
38 verbose lock https://registry.npmjs.org/connect/-/connect-2.14.5.tgz /home/facurubin/.npm/47a74d89-s-org-connect-connect-2-14-5-tgz.lock
39 verbose addRemoteTarball [ 'https://registry.npmjs.org/connect/-/connect-2.14.5.tgz',
39 verbose addRemoteTarball   '73217513152c152ebe049c499fa09211b8c476f4' ]
40 silly lockFile 47a74d89-s-org-connect-connect-2-14-5-tgz https://registry.npmjs.org/connect/-/connect-2.14.5.tgz
41 silly lockFile 47a74d89-s-org-connect-connect-2-14-5-tgz https://registry.npmjs.org/connect/-/connect-2.14.5.tgz
42 silly lockFile 89b94b5d-connect-2-14-5 connect@2.14.5
43 silly lockFile 89b94b5d-connect-2-14-5 connect@2.14.5
44 silly lockFile a2361ee0-connect connect@*
45 silly lockFile a2361ee0-connect connect@*
46 error Error: EACCES, mkdir '/home/facurubin/tmp/npm-3936-C_eLSn18'
46 error  { [Error: EACCES, mkdir '/home/facurubin/tmp/npm-3936-C_eLSn18']
46 error   errno: 3,
46 error   code: 'EACCES',
46 error   path: '/home/facurubin/tmp/npm-3936-C_eLSn18' }
47 error Please try running this command again as root/Administrator.
48 error System Linux 3.13.0-5-generic
49 error command "/usr/bin/node" "/usr/bin/npm" "install"
50 error cwd /home/facurubin/Web/node
51 error node -v v0.10.18
52 error npm -v 1.3.8
53 error path /home/facurubin/tmp/npm-3936-C_eLSn18
54 error code EACCES
55 error errno 3
56 error stack Error: EACCES, mkdir '/home/facurubin/tmp/npm-3936-C_eLSn18'
57 verbose exit [ 3, true ]
